0 verbose cli [ '/usr/local/bin/node', '/usr/local/bin/npm', '--cache', 'clean' ]
1 info using npm@8.3.1
2 info using node@v17.4.0
3 timing npm:load:whichnode Completed in 0ms
4 timing config:load:defaults Completed in 1ms
5 timing config:load:file:/usr/local/lib/node_modules/npm/npmrc Completed in 1ms
6 timing config:load:builtin Completed in 1ms
7 timing config:load:cli Completed in 2ms
8 timing config:load:env Completed in 1ms
9 timing config:load:file:/Users/nemanjaspasic/Desktop/ipma-web/.npmrc Completed in 1ms
10 timing config:load:project Completed in 6ms
11 timing config:load:file:/Users/nemanjaspasic/.npmrc Completed in 1ms
12 timing config:load:user Completed in 2ms
13 timing config:load:file:/Users/nemanjaspasic/.npm-global/etc/npmrc Completed in 0ms
14 timing config:load:global Completed in 0ms
15 timing config:load:validate Completed in 0ms
16 timing config:load:credentials Completed in 1ms
17 timing config:load:setEnvs Completed in 1ms
18 timing config:load Completed in 15ms
19 timing npm:load:configload Completed in 16ms
20 timing npm:load:setTitle Completed in 16ms
21 timing config:load:flatten Completed in 2ms
22 timing npm:load:display Completed in 4ms
23 verbose logfile /Users/nemanjaspasic/Desktop/ipma-web/clean/_logs/2022-02-10T12_00_36_617Z-debug-0.log
24 timing npm:load:logFile Completed in 6ms
25 timing npm:load:timers Completed in 1ms
26 timing npm:load:configScope Completed in 0ms
27 timing npm:load Completed in 44ms
28 verbose exit 0
29 timing npm Completed in 154ms
30 verbose code 1
