0 verbose cli [ '/usr/local/bin/node', '/usr/local/bin/npm', '-cache', 'clear' ]
1 info using npm@8.3.1
2 info using node@v17.4.0
3 timing npm:load:whichnode Completed in 0ms
4 timing config:load:defaults Completed in 2ms
5 timing config:load:file:/usr/local/lib/node_modules/npm/npmrc Completed in 0ms
6 timing config:load:builtin Completed in 1ms
7 timing config:load:cli Completed in 1ms
8 timing config:load:env Completed in 1ms
9 timing config:load:file:/Users/nemanjaspasic/Desktop/ipma-web/.npmrc Completed in 4ms
10 timing config:load:project Completed in 5ms
11 timing config:load:file:/Users/nemanjaspasic/.npmrc Completed in 4ms
12 timing config:load:user Completed in 4ms
13 timing config:load:file:/Users/nemanjaspasic/.npm-global/etc/npmrc Completed in 0ms
14 timing config:load:global Completed in 0ms
15 timing config:load:validate Completed in 1ms
16 timing config:load:credentials Completed in 0ms
17 timing config:load:setEnvs Completed in 0ms
18 timing config:load Completed in 16ms
19 timing npm:load:configload Completed in 16ms
20 timing npm:load:setTitle Completed in 16ms
21 timing config:load:flatten Completed in 2ms
22 timing npm:load:display Completed in 4ms
23 verbose logfile /Users/nemanjaspasic/Desktop/ipma-web/clear/_logs/2022-02-10T11_58_56_733Z-debug-0.log
24 timing npm:load:logFile Completed in 4ms
25 timing npm:load:timers Completed in 0ms
26 timing npm:load:configScope Completed in 0ms
27 timing npm:load Completed in 40ms
28 verbose exit 0
29 timing npm Completed in 152ms
30 verbose code 1
